<?xml version="1.0" encoding="UTF-8"?>
<testng-results skipped="0" failed="0" total="1" passed="1">
  <reporter-output>
  </reporter-output>
  <suite name="Default suite" duration-ms="19671" started-at="2022-12-10T22:06:06Z" finished-at="2022-12-10T22:06:25Z">
    <groups>
    </groups>
    <test name="Default test" duration-ms="19671" started-at="2022-12-10T22:06:06Z" finished-at="2022-12-10T22:06:25Z">
      <class name="test.DropDown">
        <test-method status="PASS" signature="setup()[pri:0, instance:test.DropDown@29ca901e]" name="setup" is-config="true" duration-ms="2614" started-at="2022-12-10T16:06:06Z" finished-at="2022-12-10T16:06:08Z">
          <reporter-output>
          </reporter-output>
        </test-method> <!-- setup -->
        <test-method status="PASS" signature="dropdownvalidation()[pri:0, instance:test.DropDown@29ca901e]" name="dropdownvalidation" duration-ms="255" started-at="2022-12-10T16:06:08Z" finished-at="2022-12-10T16:06:09Z">
          <reporter-output>
          </reporter-output>
        </test-method> <!-- dropdownvalidation -->
        <test-method status="PASS" signature="closeDriver()[pri:0, instance:test.DropDown@29ca901e]" name="closeDriver" is-config="true" duration-ms="16778" started-at="2022-12-10T16:06:09Z" finished-at="2022-12-10T16:06:25Z">
          <reporter-output>
          </reporter-output>
        </test-method> <!-- closeDriver -->
      </class> <!-- test.DropDown -->
    </test> <!-- Default test -->
  </suite> <!-- Default suite -->
</testng-results>
